<?xml version="1.0" encoding="UTF-8"?>
<!-- Generated by org.testng.reporters.JUnitXMLReporter -->
<testsuite ignored="1" hostname="DESKTOP-EQU5M65" failures="1" tests="2" name="Test1(failed)" time="0.044" errors="0" timestamp="2021-02-23T18:27:46 IST">
  <testcase classname="test.TestNGRerunFailedDemo" name="test3" time="0.008">
    <failure type="java.lang.AssertionError" message="expected [true] but found [false]">
      <![CDATA[java.lang.AssertionError: expected [true] but found [false]
at test.TestNGRerunFailedDemo.test3(TestNGRerunFailedDemo.java:27)
at java.base/java.util.ArrayList.forEach(ArrayList.java:1511)
... Removed 31 stack frames]]>
    </failure>
  </testcase> <!-- test3 -->
  <testcase classname="test.TestNGRerunFailedDemo" name="test2" time="0.001"/>
  <testcase classname="test.TestNGRerunFailedDemo" name="test1" time="0.0">
    <ignored/>
  </testcase> <!-- test1 -->
</testsuite> <!-- Test1(failed) -->
