<?xml version="1.0" encoding="UTF-8"?>
<testng-results ignored="0" total="2" passed="2" failed="0" skipped="0">
  <reporter-output>
  </reporter-output>
  <suite started-at="2021-04-27T12:03:23 IST" name="Default suite" finished-at="2021-04-27T12:03:23 IST" duration-ms="37">
    <groups>
    </groups>
    <test started-at="2021-04-27T12:03:23 IST" name="Default test" finished-at="2021-04-27T12:03:23 IST" duration-ms="37">
      <class name="test.ExtentReportsTestNGDemo">
        <test-method is-config="true" signature="setup()[pri:0, instance:test.ExtentReportsTestNGDemo@7bab3f1a]" started-at="2021-04-27T12:03:22 IST" name="setup" finished-at="2021-04-27T12:03:23 IST" duration-ms="260" status="PASS">
          <reporter-output>
          </reporter-output>
        </test-method> <!-- setup -->
        <test-method signature="test1()[pri:0, instance:test.ExtentReportsTestNGDemo@7bab3f1a]" started-at="2021-04-27T12:03:23 IST" name="test1" finished-at="2021-04-27T12:03:23 IST" duration-ms="14" status="PASS">
          <reporter-output>
          </reporter-output>
        </test-method> <!-- test1 -->
        <test-method signature="test2()[pri:0, instance:test.ExtentReportsTestNGDemo@7bab3f1a]" started-at="2021-04-27T12:03:23 IST" name="test2" finished-at="2021-04-27T12:03:23 IST" duration-ms="2" status="PASS">
          <reporter-output>
          </reporter-output>
        </test-method> <!-- test2 -->
        <test-method is-config="true" signature="teardown()[pri:0, instance:test.ExtentReportsTestNGDemo@7bab3f1a]" started-at="2021-04-27T12:03:23 IST" name="teardown" finished-at="2021-04-27T12:03:23 IST" duration-ms="278" status="PASS">
          <reporter-output>
          </reporter-output>
        </test-method> <!-- teardown -->
      </class> <!-- test.ExtentReportsTestNGDemo -->
    </test> <!-- Default test -->
  </suite> <!-- Default suite -->
</testng-results>
