<?xml version="1.0" encoding="UTF-8"?>
<testng-results ignored="2" total="4" passed="2" failed="0" skipped="0">
  <reporter-output>
  </reporter-output>
  <suite started-at="2021-05-10T22:13:50 IST" name="Default suite" finished-at="2021-05-10T22:14:03 IST" duration-ms="12973">
    <groups>
    </groups>
    <test started-at="2021-05-10T22:13:50 IST" name="Default test" finished-at="2021-05-10T22:14:03 IST" duration-ms="12973">
      <class name="MyPractice.MainDemo">
        <test-method is-config="true" signature="setup()[pri:0, instance:MyPractice.MainDemo@2d710f1a]" started-at="2021-05-10T22:13:50 IST" name="setup" finished-at="2021-05-10T22:13:53 IST" duration-ms="2694" status="PASS">
          <reporter-output>
          </reporter-output>
        </test-method> <!-- setup -->
        <test-method signature="clickEmpCheckbox(java.lang.String)[pri:0, instance:MyPractice.MainDemo@2d710f1a]" started-at="2021-05-10T22:13:53 IST" name="clickEmpCheckbox" finished-at="2021-05-10T22:13:53 IST" duration-ms="51" status="PASS">
          <params>
            <param index="0">
              <value>
                <![CDATA[Pooja]]>
              </value>
            </param>
          </params>
          <reporter-output>
          </reporter-output>
        </test-method> <!-- clickEmpCheckbox -->
        <test-method signature="login()[pri:0, instance:MyPractice.MainDemo@2d710f1a]" started-at="2021-05-10T22:13:53 IST" name="login" finished-at="2021-05-10T22:14:02 IST" duration-ms="9564" status="PASS">
          <reporter-output>
          </reporter-output>
        </test-method> <!-- login -->
        <test-method is-config="true" signature="close()[pri:0, instance:MyPractice.MainDemo@2d710f1a]" started-at="2021-05-10T22:14:02 IST" name="close" finished-at="2021-05-10T22:14:03 IST" duration-ms="639" status="PASS">
          <reporter-output>
          </reporter-output>
        </test-method> <!-- close -->
      </class> <!-- MyPractice.MainDemo -->
    </test> <!-- Default test -->
  </suite> <!-- Default suite -->
</testng-results>
