<?xml version="1.0" encoding="UTF-8"?>
<testng-results ignored="2" total="3" passed="1" failed="0" skipped="0">
  <reporter-output>
  </reporter-output>
  <suite started-at="2021-03-24T19:27:28 IST" name="Command line suite" finished-at="2021-03-24T19:27:43 IST" duration-ms="15929">
    <groups>
    </groups>
    <test started-at="2021-03-24T19:27:28 IST" name="Command line test" finished-at="2021-03-24T19:27:43 IST" duration-ms="15929">
      <class name="testScripts.LogoutTest">
        <test-method is-config="true" signature="setup()[pri:0, instance:testScripts.LogoutTest@47eaca72]" started-at="2021-03-24T19:27:11 IST" name="setup" finished-at="2021-03-24T19:27:28 IST" duration-ms="16496" status="PASS">
          <reporter-output>
          </reporter-output>
        </test-method> <!-- setup -->
        <test-method signature="init()[pri:0, instance:testScripts.LogoutTest@47eaca72]" started-at="2021-03-24T19:27:28 IST" name="init" finished-at="2021-03-24T19:27:43 IST" duration-ms="15912" status="PASS">
          <reporter-output>
          </reporter-output>
        </test-method> <!-- init -->
        <test-method is-config="true" signature="tearDown()[pri:0, instance:testScripts.LogoutTest@47eaca72]" started-at="2021-03-24T19:27:43 IST" name="tearDown" finished-at="2021-03-24T19:27:44 IST" duration-ms="670" status="PASS">
          <reporter-output>
          </reporter-output>
        </test-method> <!-- tearDown -->
      </class> <!-- testScripts.LogoutTest -->
    </test> <!-- Command line test -->
  </suite> <!-- Command line suite -->
</testng-results>
