<?xml version="1.0" encoding="UTF-8"?>
<!-- Generated by org.testng.reporters.JUnitXMLReporter -->
<testsuite ignored="2" hostname="DESKTOP-EQU5M65" failures="0" tests="2" name="Default test" time="12.973" errors="0" timestamp="2021-05-10T22:14:03 IST">
  <testcase classname="MyPractice.MainDemo" name="clickEmpCheckbox" time="0.051"/>
  <testcase classname="MyPractice.MainDemo" name="login" time="9.564"/>
  <testcase classname="MyPractice.MainDemo" name="addEmployee" time="0.0">
    <ignored/>
  </testcase> <!-- addEmployee -->
  <testcase classname="MyPractice.MainDemo" name="searchEmployee" time="0.0">
    <ignored/>
  </testcase> <!-- searchEmployee -->
</testsuite> <!-- Default test -->
