<?xml version="1.0" encoding="UTF-8"?>
<!-- Generated by org.testng.reporters.JUnitXMLReporter -->
<testsuite ignored="0" hostname="DESKTOP-EQU5M65" failures="0" tests="8" name="Test1" time="73.653" errors="0" timestamp="2021-03-30T21:11:32 IST">
  <testcase classname="MyPractice.MainDemo" name="login" time="9.829"/>
  <testcase classname="MyPractice.MainDemo" name="addEmployee" time="14.46"/>
  <testcase classname="MyPractice.MainDemo" name="addEmployee" time="0.32"/>
  <testcase classname="MyPractice.MainDemo" name="addEmployee" time="12.395"/>
  <testcase classname="MyPractice.MainDemo" name="addEmployee" time="12.405"/>
  <testcase classname="MyPractice.MainDemo" name="addEmployee" time="13.101"/>
  <testcase classname="MyPractice.MainDemo" name="searchEmployee" time="6.164"/>
  <testcase classname="MyPractice.MainDemo" name="logout" time="0.082"/>
</testsuite> <!-- Test1 -->
