<?xml version="1.0" encoding="UTF-8"?>
<!-- Generated by org.testng.reporters.JUnitXMLReporter -->
<testsuite ignored="2" hostname="DESKTOP-EQU5M65" failures="0" tests="1" name="Command line test" time="15.929" errors="0" timestamp="2021-03-24T19:27:43 IST">
  <testcase classname="testScripts.LogoutTest" name="init" time="15.912"/>
  <testcase classname="testScripts.TestBase" name="@BeforeSuite setup" time="0.0">
    <ignored/>
  </testcase> <!-- @BeforeSuite setup -->
  <testcase classname="testScripts.TestBase" name="@AfterSuite tearDown" time="0.0">
    <ignored/>
  </testcase> <!-- @AfterSuite tearDown -->
</testsuite> <!-- Command line test -->
