<?xml version="1.0" encoding="UTF-8"?>
<testng-results ignored="0" total="1" passed="1" failed="0" skipped="0">
  <reporter-output>
  </reporter-output>
  <suite started-at="2021-03-26T20:59:49 IST" name="Suite" finished-at="2021-03-26T20:59:55 IST" duration-ms="6501">
    <groups>
    </groups>
    <test started-at="2021-03-26T20:59:49 IST" name="Test" finished-at="2021-03-26T20:59:55 IST" duration-ms="6501">
      <class name="pomPractice.LogoutTest">
        <test-method is-config="true" signature="setup()[pri:0, instance:pomPractice.LogoutTest@1d8bd0de]" started-at="2021-03-26T20:59:38 IST" name="setup" finished-at="2021-03-26T20:59:49 IST" duration-ms="10588" status="PASS">
          <reporter-output>
          </reporter-output>
        </test-method> <!-- setup -->
        <test-method signature="init()[pri:0, instance:pomPractice.LogoutTest@1d8bd0de]" started-at="2021-03-26T20:59:49 IST" name="init" finished-at="2021-03-26T20:59:55 IST" duration-ms="6482" status="PASS">
          <reporter-output>
          </reporter-output>
        </test-method> <!-- init -->
        <test-method is-config="true" signature="tearDown()[pri:0, instance:pomPractice.LogoutTest@1d8bd0de]" started-at="2021-03-26T20:59:55 IST" name="tearDown" finished-at="2021-03-26T20:59:56 IST" duration-ms="648" status="PASS">
          <reporter-output>
          </reporter-output>
        </test-method> <!-- tearDown -->
      </class> <!-- pomPractice.LogoutTest -->
    </test> <!-- Test -->
  </suite> <!-- Suite -->
</testng-results>
