<?xml version="1.0" encoding="UTF-8"?>
<testng-results ignored="0" total="1" passed="1" failed="0" skipped="0">
  <reporter-output>
  </reporter-output>
  <suite started-at="2021-03-24T16:19:14 IST" name="Suite" finished-at="2021-03-24T16:19:21 IST" duration-ms="6795">
    <groups>
    </groups>
    <test started-at="2021-03-24T16:19:14 IST" name="Test" finished-at="2021-03-24T16:19:21 IST" duration-ms="6795">
      <class name="testScripts.LogoutTest">
        <test-method is-config="true" signature="setup()[pri:0, instance:testScripts.LogoutTest@10d307f1]" started-at="2021-03-24T16:19:07 IST" name="setup" finished-at="2021-03-24T16:19:14 IST" duration-ms="7678" status="PASS">
          <reporter-output>
          </reporter-output>
        </test-method> <!-- setup -->
        <test-method signature="init()[pri:0, instance:testScripts.LogoutTest@10d307f1]" started-at="2021-03-24T16:19:14 IST" name="init" finished-at="2021-03-24T16:19:21 IST" duration-ms="6776" status="PASS">
          <reporter-output>
          </reporter-output>
        </test-method> <!-- init -->
        <test-method is-config="true" signature="tearDown()[pri:0, instance:testScripts.LogoutTest@10d307f1]" started-at="2021-03-24T16:19:21 IST" name="tearDown" finished-at="2021-03-24T16:19:22 IST" duration-ms="623" status="PASS">
          <reporter-output>
          </reporter-output>
        </test-method> <!-- tearDown -->
      </class> <!-- testScripts.LogoutTest -->
    </test> <!-- Test -->
  </suite> <!-- Suite -->
</testng-results>
